<?xml version="1.0" encoding="UTF-8"?>
<testsuite name="tika.AppTest" tests="1" skipped="0" failures="0" errors="0" timestamp="2019-05-13T14:32:41" hostname="guillermopc" time="0.006">
  <properties/>
  <testcase name="testApp" classname="tika.AppTest" time="0.006"/>
  <system-out><![CDATA[]]></system-out>
  <system-err><![CDATA[]]></system-err>
</testsuite>
